The system is: Darwin - 12.2.1 - i386
Compiling the C compiler identification source file "CMakeCCompilerId.c" succeeded.
Compiler: /usr/bin/cc 
Build flags: 
Id flags: 

The output was:
0


Compilation of the C compiler identification source "CMakeCCompilerId.c" produced "a.out"

The C compiler identification is Clang, found in "/Users/kbarros/Dropbox/Versioned/projects/ExMatEx/exmatex_svn/code/CoMD/CMakeFiles/2.8.10.1/CompilerIdC/a.out"

Compiling the CXX compiler identification source file "CMakeCXXCompilerId.cpp" succeeded.
Compiler: /usr/bin/c++ 
Build flags: 
Id flags: 

The output was:
0


Compilation of the CXX compiler identification source "CMakeCXXCompilerId.cpp" produced "a.out"

The CXX compiler identification is Clang, found in "/Users/kbarros/Dropbox/Versioned/projects/ExMatEx/exmatex_svn/code/CoMD/CMakeFiles/2.8.10.1/CompilerIdCXX/a.out"

Determining if the C compiler works passed with the following output:
Change Dir: /Users/kbarros/Dropbox/Versioned/projects/ExMatEx/exmatex_svn/code/CoMD/CMakeFiles/CMakeTmp

Run Build Command:/usr/bin/make "cmTryCompileExec2253091623/fast"
/usr/bin/make -f CMakeFiles/cmTryCompileExec2253091623.dir/build.make CMakeFiles/cmTryCompileExec2253091623.dir/build
/usr/local/Cellar/cmake/2.8.10.1/bin/cmake -E cmake_progress_report /Users/kbarros/Dropbox/Versioned/projects/ExMatEx/exmatex_svn/code/CoMD/CMakeFiles/CMakeTmp/CMakeFiles 1
Building C object CMakeFiles/cmTryCompileExec2253091623.dir/testCCompiler.c.o
/usr/bin/cc    -o CMakeFiles/cmTryCompileExec2253091623.dir/testCCompiler.c.o   -c /Users/kbarros/Dropbox/Versioned/projects/ExMatEx/exmatex_svn/code/CoMD/CMakeFiles/CMakeTmp/testCCompiler.c
Linking C executable cmTryCompileExec2253091623
/usr/local/Cellar/cmake/2.8.10.1/bin/cmake -E cmake_link_script CMakeFiles/cmTryCompileExec2253091623.dir/link.txt --verbose=1
/usr/bin/cc      -Wl,-search_paths_first -Wl,-headerpad_max_install_names   CMakeFiles/cmTryCompileExec2253091623.dir/testCCompiler.c.o  -o cmTryCompileExec2253091623  


Detecting C compiler ABI info compiled with the following output:
Change Dir: /Users/kbarros/Dropbox/Versioned/projects/ExMatEx/exmatex_svn/code/CoMD/CMakeFiles/CMakeTmp

Run Build Command:/usr/bin/make "cmTryCompileExec344738422/fast"
/usr/bin/make -f CMakeFiles/cmTryCompileExec344738422.dir/build.make CMakeFiles/cmTryCompileExec344738422.dir/build
/usr/local/Cellar/cmake/2.8.10.1/bin/cmake -E cmake_progress_report /Users/kbarros/Dropbox/Versioned/projects/ExMatEx/exmatex_svn/code/CoMD/CMakeFiles/CMakeTmp/CMakeFiles 1
Building C object CMakeFiles/cmTryCompileExec344738422.dir/CMakeCCompilerABI.c.o
/usr/bin/cc    -o CMakeFiles/cmTryCompileExec344738422.dir/CMakeCCompilerABI.c.o   -c /usr/local/Cellar/cmake/2.8.10.1/share/cmake/Modules/CMakeCCompilerABI.c
Linking C executable cmTryCompileExec344738422
/usr/local/Cellar/cmake/2.8.10.1/bin/cmake -E cmake_link_script CMakeFiles/cmTryCompileExec344738422.dir/link.txt --verbose=1
/usr/bin/cc      -Wl,-search_paths_first -Wl,-headerpad_max_install_names -v CMakeFiles/cmTryCompileExec344738422.dir/CMakeCCompilerABI.c.o  -o cmTryCompileExec344738422   
Apple clang version 4.0 (tags/Apple/clang-421.0.57) (based on LLVM 3.1svn)
Target: x86_64-apple-darwin12.2.1
Thread model: posix
 "/usr/bin/ld" -demangle -dynamic -arch x86_64 -macosx_version_min 10.8.0 -o cmTryCompileExec344738422 -search_paths_first -headerpad_max_install_names CMakeFiles/cmTryCompileExec344738422.dir/CMakeCCompilerABI.c.o -lSystem /usr/bin/../lib/clang/4.0/lib/darwin/libclang_rt.osx.a


Parsed C implicit link information from above output:
  link line regex: [^( *|.*[/\])(ld|ld|collect2)[^/\]*( |$)]
  ignore line: [Change Dir: /Users/kbarros/Dropbox/Versioned/projects/ExMatEx/exmatex_svn/code/CoMD/CMakeFiles/CMakeTmp]
  ignore line: []
  ignore line: [Run Build Command:/usr/bin/make "cmTryCompileExec344738422/fast"]
  ignore line: [/usr/bin/make -f CMakeFiles/cmTryCompileExec344738422.dir/build.make CMakeFiles/cmTryCompileExec344738422.dir/build]
  ignore line: [/usr/local/Cellar/cmake/2.8.10.1/bin/cmake -E cmake_progress_report /Users/kbarros/Dropbox/Versioned/projects/ExMatEx/exmatex_svn/code/CoMD/CMakeFiles/CMakeTmp/CMakeFiles 1]
  ignore line: [Building C object CMakeFiles/cmTryCompileExec344738422.dir/CMakeCCompilerABI.c.o]
  ignore line: [/usr/bin/cc    -o CMakeFiles/cmTryCompileExec344738422.dir/CMakeCCompilerABI.c.o   -c /usr/local/Cellar/cmake/2.8.10.1/share/cmake/Modules/CMakeCCompilerABI.c]
  ignore line: [Linking C executable cmTryCompileExec344738422]
  ignore line: [/usr/local/Cellar/cmake/2.8.10.1/bin/cmake -E cmake_link_script CMakeFiles/cmTryCompileExec344738422.dir/link.txt --verbose=1]
  ignore line: [/usr/bin/cc      -Wl,-search_paths_first -Wl,-headerpad_max_install_names -v CMakeFiles/cmTryCompileExec344738422.dir/CMakeCCompilerABI.c.o  -o cmTryCompileExec344738422   ]
  ignore line: [Apple clang version 4.0 (tags/Apple/clang-421.0.57) (based on LLVM 3.1svn)]
  ignore line: [Target: x86_64-apple-darwin12.2.1]
  ignore line: [Thread model: posix]
  link line: [ "/usr/bin/ld" -demangle -dynamic -arch x86_64 -macosx_version_min 10.8.0 -o cmTryCompileExec344738422 -search_paths_first -headerpad_max_install_names CMakeFiles/cmTryCompileExec344738422.dir/CMakeCCompilerABI.c.o -lSystem /usr/bin/../lib/clang/4.0/lib/darwin/libclang_rt.osx.a]
    arg [/usr/bin/ld] ==> ignore
    arg [-demangle] ==> ignore
    arg [-dynamic] ==> ignore
    arg [-arch] ==> ignore
    arg [x86_64] ==> ignore
    arg [-macosx_version_min] ==> ignore
    arg [10.8.0] ==> ignore
    arg [-o] ==> ignore
    arg [cmTryCompileExec344738422] ==> ignore
    arg [-search_paths_first] ==> ignore
    arg [-headerpad_max_install_names] ==> ignore
    arg [CMakeFiles/cmTryCompileExec344738422.dir/CMakeCCompilerABI.c.o] ==> ignore
    arg [-lSystem] ==> lib [System]
    arg [/usr/bin/../lib/clang/4.0/lib/darwin/libclang_rt.osx.a] ==> lib [/usr/bin/../lib/clang/4.0/lib/darwin/libclang_rt.osx.a]
  remove lib [System]
  implicit libs: [/usr/bin/../lib/clang/4.0/lib/darwin/libclang_rt.osx.a]
  implicit dirs: []


Determining if the CXX compiler works passed with the following output:
Change Dir: /Users/kbarros/Dropbox/Versioned/projects/ExMatEx/exmatex_svn/code/CoMD/CMakeFiles/CMakeTmp

Run Build Command:/usr/bin/make "cmTryCompileExec2192544985/fast"
/usr/bin/make -f CMakeFiles/cmTryCompileExec2192544985.dir/build.make CMakeFiles/cmTryCompileExec2192544985.dir/build
/usr/local/Cellar/cmake/2.8.10.1/bin/cmake -E cmake_progress_report /Users/kbarros/Dropbox/Versioned/projects/ExMatEx/exmatex_svn/code/CoMD/CMakeFiles/CMakeTmp/CMakeFiles 1
Building CXX object CMakeFiles/cmTryCompileExec2192544985.dir/testCXXCompiler.cxx.o
/usr/bin/c++     -o CMakeFiles/cmTryCompileExec2192544985.dir/testCXXCompiler.cxx.o -c /Users/kbarros/Dropbox/Versioned/projects/ExMatEx/exmatex_svn/code/CoMD/CMakeFiles/CMakeTmp/testCXXCompiler.cxx
Linking CXX executable cmTryCompileExec2192544985
/usr/local/Cellar/cmake/2.8.10.1/bin/cmake -E cmake_link_script CMakeFiles/cmTryCompileExec2192544985.dir/link.txt --verbose=1
/usr/bin/c++       -Wl,-search_paths_first -Wl,-headerpad_max_install_names   CMakeFiles/cmTryCompileExec2192544985.dir/testCXXCompiler.cxx.o  -o cmTryCompileExec2192544985  


Detecting CXX compiler ABI info compiled with the following output:
Change Dir: /Users/kbarros/Dropbox/Versioned/projects/ExMatEx/exmatex_svn/code/CoMD/CMakeFiles/CMakeTmp

Run Build Command:/usr/bin/make "cmTryCompileExec64465274/fast"
/usr/bin/make -f CMakeFiles/cmTryCompileExec64465274.dir/build.make CMakeFiles/cmTryCompileExec64465274.dir/build
/usr/local/Cellar/cmake/2.8.10.1/bin/cmake -E cmake_progress_report /Users/kbarros/Dropbox/Versioned/projects/ExMatEx/exmatex_svn/code/CoMD/CMakeFiles/CMakeTmp/CMakeFiles 1
Building CXX object CMakeFiles/cmTryCompileExec64465274.dir/CMakeCXXCompilerABI.cpp.o
/usr/bin/c++     -o CMakeFiles/cmTryCompileExec64465274.dir/CMakeCXXCompilerABI.cpp.o -c /usr/local/Cellar/cmake/2.8.10.1/share/cmake/Modules/CMakeCXXCompilerABI.cpp
Linking CXX executable cmTryCompileExec64465274
/usr/local/Cellar/cmake/2.8.10.1/bin/cmake -E cmake_link_script CMakeFiles/cmTryCompileExec64465274.dir/link.txt --verbose=1
/usr/bin/c++       -Wl,-search_paths_first -Wl,-headerpad_max_install_names -v CMakeFiles/cmTryCompileExec64465274.dir/CMakeCXXCompilerABI.cpp.o  -o cmTryCompileExec64465274   
Apple clang version 4.0 (tags/Apple/clang-421.0.57) (based on LLVM 3.1svn)
Target: x86_64-apple-darwin12.2.1
Thread model: posix
 "/usr/bin/ld" -demangle -dynamic -arch x86_64 -macosx_version_min 10.8.0 -o cmTryCompileExec64465274 -search_paths_first -headerpad_max_install_names CMakeFiles/cmTryCompileExec64465274.dir/CMakeCXXCompilerABI.cpp.o -lstdc++ -lSystem /usr/bin/../lib/clang/4.0/lib/darwin/libclang_rt.osx.a


Parsed CXX implicit link information from above output:
  link line regex: [^( *|.*[/\])(ld|ld|collect2)[^/\]*( |$)]
  ignore line: [Change Dir: /Users/kbarros/Dropbox/Versioned/projects/ExMatEx/exmatex_svn/code/CoMD/CMakeFiles/CMakeTmp]
  ignore line: []
  ignore line: [Run Build Command:/usr/bin/make "cmTryCompileExec64465274/fast"]
  ignore line: [/usr/bin/make -f CMakeFiles/cmTryCompileExec64465274.dir/build.make CMakeFiles/cmTryCompileExec64465274.dir/build]
  ignore line: [/usr/local/Cellar/cmake/2.8.10.1/bin/cmake -E cmake_progress_report /Users/kbarros/Dropbox/Versioned/projects/ExMatEx/exmatex_svn/code/CoMD/CMakeFiles/CMakeTmp/CMakeFiles 1]
  ignore line: [Building CXX object CMakeFiles/cmTryCompileExec64465274.dir/CMakeCXXCompilerABI.cpp.o]
  ignore line: [/usr/bin/c++     -o CMakeFiles/cmTryCompileExec64465274.dir/CMakeCXXCompilerABI.cpp.o -c /usr/local/Cellar/cmake/2.8.10.1/share/cmake/Modules/CMakeCXXCompilerABI.cpp]
  ignore line: [Linking CXX executable cmTryCompileExec64465274]
  ignore line: [/usr/local/Cellar/cmake/2.8.10.1/bin/cmake -E cmake_link_script CMakeFiles/cmTryCompileExec64465274.dir/link.txt --verbose=1]
  ignore line: [/usr/bin/c++       -Wl,-search_paths_first -Wl,-headerpad_max_install_names -v CMakeFiles/cmTryCompileExec64465274.dir/CMakeCXXCompilerABI.cpp.o  -o cmTryCompileExec64465274   ]
  ignore line: [Apple clang version 4.0 (tags/Apple/clang-421.0.57) (based on LLVM 3.1svn)]
  ignore line: [Target: x86_64-apple-darwin12.2.1]
  ignore line: [Thread model: posix]
  link line: [ "/usr/bin/ld" -demangle -dynamic -arch x86_64 -macosx_version_min 10.8.0 -o cmTryCompileExec64465274 -search_paths_first -headerpad_max_install_names CMakeFiles/cmTryCompileExec64465274.dir/CMakeCXXCompilerABI.cpp.o -lstdc++ -lSystem /usr/bin/../lib/clang/4.0/lib/darwin/libclang_rt.osx.a]
    arg [/usr/bin/ld] ==> ignore
    arg [-demangle] ==> ignore
    arg [-dynamic] ==> ignore
    arg [-arch] ==> ignore
    arg [x86_64] ==> ignore
    arg [-macosx_version_min] ==> ignore
    arg [10.8.0] ==> ignore
    arg [-o] ==> ignore
    arg [cmTryCompileExec64465274] ==> ignore
    arg [-search_paths_first] ==> ignore
    arg [-headerpad_max_install_names] ==> ignore
    arg [CMakeFiles/cmTryCompileExec64465274.dir/CMakeCXXCompilerABI.cpp.o] ==> ignore
    arg [-lstdc++] ==> lib [stdc++]
    arg [-lSystem] ==> lib [System]
    arg [/usr/bin/../lib/clang/4.0/lib/darwin/libclang_rt.osx.a] ==> lib [/usr/bin/../lib/clang/4.0/lib/darwin/libclang_rt.osx.a]
  remove lib [System]
  implicit libs: [stdc++;/usr/bin/../lib/clang/4.0/lib/darwin/libclang_rt.osx.a]
  implicit dirs: []


